<resultados>
	<mundos>
		<mundo nombre="mundo_0">
			<linea fila="64" compresionDeCeros="true">(1) 1 </linea>
			<linea fila="62" compresionDeCeros="true">(1) 1 </linea>
			<linea fila="60" compresionDeCeros="true">(1) 1 </linea>
			<linea fila="58" compresionDeCeros="true">(1) 1 </linea>
			<linea fila="56" compresionDeCeros="true">(1) 1 </linea>
			<linea fila="54" compresionDeCeros="true">(1) 1 </linea>
			<linea fila="52" compresionDeCeros="true">(1) 1 </linea>
			<linea fila="50" compresionDeCeros="true">(1) 1 </linea>
			<linea fila="48" compresionDeCeros="true">(1) 1 </linea>
			<linea fila="46" compresionDeCeros="true">(1) 1 </linea>
			<linea fila="44" compresionDeCeros="true">(1) 1 </linea>
			<linea fila="42" compresionDeCeros="true">(1) 1 </linea>
			<linea fila="40" compresionDeCeros="true">(1) 1 </linea>
			<linea fila="38" compresionDeCeros="true">(1) 1 </linea>
			<linea fila="36" compresionDeCeros="true">(1) 1 </linea>
			<linea fila="34" compresionDeCeros="true">(1) 1 </linea>
			<linea fila="32" compresionDeCeros="true">(1) 1 </linea>
			<linea fila="30" compresionDeCeros="true">(1) 1 </linea>
			<linea fila="28" compresionDeCeros="true">(1) 1 </linea>
			<linea fila="26" compresionDeCeros="true">(1) 1 </linea>
			<linea fila="24" compresionDeCeros="true">(1) 1 </linea>
			<linea fila="22" compresionDeCeros="true">(1) 1 </linea>
			<linea fila="20" compresionDeCeros="true">(1) 1 </linea>
			<linea fila="18" compresionDeCeros="true">(1) 1 </linea>
			<linea fila="16" compresionDeCeros="true">(1) 1 </linea>
			<linea fila="14" compresionDeCeros="true">(1) 1 </linea>
			<linea fila="12" compresionDeCeros="true">(1) 1 </linea>
			<linea fila="10" compresionDeCeros="true">(1) 1 </linea>
			<linea fila="8" compresionDeCeros="true">(1) 1 </linea>
			<linea fila="6" compresionDeCeros="true">(1) 1 </linea>
			<linea fila="4" compresionDeCeros="true">(1) 1 </linea>
			<linea fila="2" compresionDeCeros="true">(1) 1 </linea>
		</mundo>
	</mundos>
	<programas>
		<programa nombre="p1" resultadoEjecucion="FIN PROGRAMA"/>
	</programas>
</resultados>
